<?xml version="1.0" encoding="UTF-8"?>
<!-- Generated by org.testng.reporters.JUnitReportReporter -->
<testsuite hostname="Tanya-PC" failures="0" tests="4" name="apiTests.UserTests" time="11.268" errors="0" timestamp="2024-03-11T02:01:22 IST" skipped="0">
  <testcase classname="apiTests.UserTests" name="createUser" time="3.519"/>
  <system-out/>
  <testcase classname="apiTests.UserTests" name="getUser" time="2.450"/>
  <system-out/>
  <testcase classname="apiTests.UserTests" name="updateUser" time="3.559"/>
  <system-out/>
  <testcase classname="apiTests.UserTests" name="deleteuser" time="1.740"/>
  <system-out/>
</testsuite> <!-- apiTests.UserTests -->
