<?xml version="1.0" encoding="UTF-8"?>
<!-- Generated by org.testng.reporters.JUnitReportReporter -->
<testsuite hostname="Tanya-PC" failures="0" tests="4" name="apiTests.UserTestsproperties" time="10.160" errors="0" timestamp="2024-03-11T15:23:16 IST" skipped="0">
  <testcase classname="apiTests.UserTestsproperties" name="createUser" time="3.256"/>
  <system-out/>
  <testcase classname="apiTests.UserTestsproperties" name="getUser" time="1.808"/>
  <system-out/>
  <testcase classname="apiTests.UserTestsproperties" name="updateUser" time="3.478"/>
  <system-out/>
  <testcase classname="apiTests.UserTestsproperties" name="deleteuser" time="1.618"/>
  <system-out/>
</testsuite> <!-- apiTests.UserTestsproperties -->
