<?xml version="1.0" encoding="UTF-8"?>
<!-- Generated by org.testng.reporters.JUnitReportReporter -->
<testsuite hostname="Tanya-PC" failures="0" tests="6" name="apiTests.DDTests" time="12.833" errors="0" timestamp="2024-03-11T01:07:32 IST" skipped="0">
  <testcase classname="apiTests.DDTests" name="createUserTest" time="1.905"/>
  <system-out/>
  <testcase classname="apiTests.DDTests" name="createUserTest" time="1.828"/>
  <system-out/>
  <testcase classname="apiTests.DDTests" name="createUserTest" time="3.451"/>
  <system-out/>
  <testcase classname="apiTests.DDTests" name="deleteUserTest" time="1.887"/>
  <system-out/>
  <testcase classname="apiTests.DDTests" name="deleteUserTest" time="1.767"/>
  <system-out/>
  <testcase classname="apiTests.DDTests" name="deleteUserTest" time="1.995"/>
  <system-out/>
</testsuite> <!-- apiTests.DDTests -->
