<?xml version="1.0" encoding="UTF-8"?>
<!-- Generated by org.testng.reporters.JUnitReportReporter -->
<testsuite hostname="Tanya-PC" failures="0" tests="6" name="apiTests.DDTests" time="12.102" errors="0" timestamp="2024-03-11T15:21:43 IST" skipped="0">
  <testcase classname="apiTests.DDTests" name="createUserTest" time="1.727"/>
  <system-out/>
  <testcase classname="apiTests.DDTests" name="createUserTest" time="3.634"/>
  <system-out/>
  <testcase classname="apiTests.DDTests" name="createUserTest" time="1.738"/>
  <system-out/>
  <testcase classname="apiTests.DDTests" name="deleteUserTest" time="1.726"/>
  <system-out/>
  <testcase classname="apiTests.DDTests" name="deleteUserTest" time="1.627"/>
  <system-out/>
  <testcase classname="apiTests.DDTests" name="deleteUserTest" time="1.650"/>
  <system-out/>
</testsuite> <!-- apiTests.DDTests -->
