<?xml version="1.0" encoding="UTF-8"?>
<!-- Generated by org.testng.reporters.JUnitReportReporter -->
<testsuite hostname="Tanya-PC" failures="0" tests="4" name="apiTests.UserTestsproperties" time="11.340" errors="0" timestamp="2024-03-11T15:42:51 IST" skipped="0">
  <testcase classname="apiTests.UserTestsproperties" name="createUser" time="4.362"/>
  <system-out/>
  <testcase classname="apiTests.UserTestsproperties" name="getUser" time="1.686"/>
  <system-out/>
  <testcase classname="apiTests.UserTestsproperties" name="updateUser" time="3.524"/>
  <system-out/>
  <testcase classname="apiTests.UserTestsproperties" name="deleteuser" time="1.768"/>
  <system-out/>
</testsuite> <!-- apiTests.UserTestsproperties -->
