<?xml version="1.0" encoding="UTF-8"?>
<!-- Generated by org.testng.reporters.JUnitReportReporter -->
<testsuite hostname="Tanya-PC" failures="0" tests="4" name="apiTests.UserTests" time="8.576" errors="0" timestamp="2024-03-11T15:21:43 IST" skipped="0">
  <testcase classname="apiTests.UserTests" name="createUser" time="1.813"/>
  <system-out/>
  <testcase classname="apiTests.UserTests" name="getUser" time="1.870"/>
  <system-out/>
  <testcase classname="apiTests.UserTests" name="updateUser" time="3.283"/>
  <system-out/>
  <testcase classname="apiTests.UserTests" name="deleteuser" time="1.610"/>
  <system-out/>
</testsuite> <!-- apiTests.UserTests -->
